2025-03-02 22:41:25,875 - logger_setup - ERROR - Data file for symbol 'TSLA' not found. Run `get_data()` first.
2025-03-02 22:44:43,476 - logger_setup - ERROR - Data format issue for T: Unknown datetime string format, unable to parse: start_date=jan-1-2015, at position 0
2025-03-02 22:44:43,478 - logger_setup - ERROR - Data format issue for S: Unknown datetime string format, unable to parse: start_date=jan-1-2015, at position 0
2025-03-02 22:44:43,480 - logger_setup - ERROR - Data format issue for L: Unknown datetime string format, unable to parse: start_date=jan-1-2015, at position 0
2025-03-02 22:44:43,482 - logger_setup - ERROR - Data format issue for A: Unknown datetime string format, unable to parse: start_date=jan-1-2015, at position 0
2025-03-02 22:45:24,177 - logger_setup - ERROR - Data format issue for T: Unknown datetime string format, unable to parse: start_date=jan-1-2015, at position 0
2025-03-02 22:45:24,179 - logger_setup - ERROR - Data format issue for S: Unknown datetime string format, unable to parse: start_date=jan-1-2015, at position 0
2025-03-02 22:45:24,181 - logger_setup - ERROR - Data format issue for L: Unknown datetime string format, unable to parse: start_date=jan-1-2015, at position 0
2025-03-02 22:45:24,183 - logger_setup - ERROR - Data format issue for A: Unknown datetime string format, unable to parse: start_date=jan-1-2015, at position 0
2025-03-02 22:45:24,184 - logger_setup - ERROR - Data format issue for B: Unknown datetime string format, unable to parse: start_date=jan-1-2015, at position 0
2025-03-02 22:45:24,185 - logger_setup - ERROR - Data format issue for N: Unknown datetime string format, unable to parse: start_date=jan-1-2015, at position 0
2025-03-02 22:45:24,186 - logger_setup - ERROR - Data format issue for D: Unknown datetime string format, unable to parse: start_date=jan-1-2015, at position 0
2025-03-02 22:45:24,188 - logger_setup - ERROR - Data format issue for S: Unknown datetime string format, unable to parse: start_date=jan-1-2015, at position 0
2025-03-02 22:45:24,189 - logger_setup - ERROR - Data format issue for P: Unknown datetime string format, unable to parse: start_date=jan-1-2015, at position 0
2025-03-02 22:45:24,189 - logger_setup - ERROR - Data format issue for Y: Unknown datetime string format, unable to parse: start_date=jan-1-2015, at position 0
2025-03-02 22:45:32,350 - logger_setup - ERROR - Data file for symbol 'TSLA' not found. Run `get_data()` first.
2025-03-02 22:45:58,371 - logger_setup - ERROR - Data file for symbol '{}' not found. Run `get_data()` first.
2025-03-02 22:48:31,052 - logger_setup - ERROR - Data format issue for T: Unknown datetime string format, unable to parse: start_date=jan-1-2015, at position 0
2025-03-02 22:48:31,054 - logger_setup - ERROR - Data format issue for S: Unknown datetime string format, unable to parse: start_date=jan-1-2015, at position 0
2025-03-02 22:48:31,055 - logger_setup - ERROR - Data format issue for L: Unknown datetime string format, unable to parse: start_date=jan-1-2015, at position 0
2025-03-02 22:48:31,060 - logger_setup - ERROR - Data format issue for A: Unknown datetime string format, unable to parse: start_date=jan-1-2015, at position 0
2025-03-02 22:48:31,063 - logger_setup - ERROR - Data format issue for B: Unknown datetime string format, unable to parse: start_date=jan-1-2015, at position 0
2025-03-02 22:48:31,065 - logger_setup - ERROR - Data format issue for N: Unknown datetime string format, unable to parse: start_date=jan-1-2015, at position 0
2025-03-02 22:48:31,066 - logger_setup - ERROR - Data format issue for D: Unknown datetime string format, unable to parse: start_date=jan-1-2015, at position 0
2025-03-02 22:48:31,067 - logger_setup - ERROR - Data format issue for S: Unknown datetime string format, unable to parse: start_date=jan-1-2015, at position 0
2025-03-02 22:48:31,069 - logger_setup - ERROR - Data format issue for P: Unknown datetime string format, unable to parse: start_date=jan-1-2015, at position 0
2025-03-02 22:48:31,070 - logger_setup - ERROR - Data format issue for Y: Unknown datetime string format, unable to parse: start_date=jan-1-2015, at position 0
2025-03-02 22:49:19,132 - logger_setup - ERROR - Error plotting data for TSLA: 'dict' object has no attribute 'empty'
2025-03-02 22:49:19,133 - logger_setup - ERROR - Error plotting data for BND: 'dict' object has no attribute 'empty'
2025-03-02 22:49:19,134 - logger_setup - ERROR - Error plotting data for SPY: 'dict' object has no attribute 'empty'
2025-03-02 22:50:19,535 - logger_setup - ERROR - Data file for symbol '{}' not found. Run `get_data()` first.
2025-03-02 23:01:52,085 - logger_setup - INFO - Data inspection results:
{'data_types': Open      float64
High      float64
Low       float64
Close     float64
Volume      int64
dtype: object, 'missing_values': Open      0
High      0
Low       0
Close     0
Volume    0
dtype: int64, 'duplicate_rows': np.int64(0)}
2025-03-02 23:02:08,216 - logger_setup - INFO - Data inspection results:
{'data_types': Open      float64
High      float64
Low       float64
Close     float64
Volume    float64
dtype: object, 'missing_values': Open      0
High      0
Low       0
Close     0
Volume    0
dtype: int64, 'duplicate_rows': np.int64(0)}
2025-03-02 23:02:15,376 - logger_setup - INFO - Data inspection results:
{'data_types': Open      float64
High      float64
Low       float64
Close     float64
Volume    float64
dtype: object, 'missing_values': Open      0
High      0
Low       0
Close     0
Volume    0
dtype: int64, 'duplicate_rows': np.int64(0)}
2025-03-02 23:02:30,182 - logger_setup - INFO - Basic statistics calculated for data:
{'mean': Open      1.157035e+02
High      1.182977e+02
Low       1.129867e+02
Close     1.156793e+02
Volume    1.115986e+08
dtype: float64, 'median': Open      2.841365e+01
High      2.880585e+01
Low       2.735000e+01
Close     2.850565e+01
Volume    9.233699e+07
dtype: float64, 'std_dev': Open      1.143137e+02
High      1.169455e+02
Low       1.114850e+02
Close     1.142265e+02
Volume    7.443890e+07
dtype: float64, 'missing_values': Open      0
High      0
Low       0
Close     0
Volume    0
dtype: int64}
2025-03-02 23:02:57,678 - logger_setup - INFO - Basic statistics calculated for data:
{'mean': Open      7.524102e+01
High      7.534659e+01
Low       7.512529e+01
Close     7.523730e+01
Volume    4.393031e+06
dtype: float64, 'median': Open      7.333250e+01
High      7.343290e+01
Low       7.320830e+01
Close     7.333100e+01
Volume    3.950846e+06
dtype: float64, 'std_dev': Open      4.943419e+00
High      4.944907e+00
Low       4.937775e+00
Close     4.942553e+00
Volume    2.768242e+06
dtype: float64, 'missing_values': Open      0
High      0
Low       0
Close     0
Volume    0
dtype: int64}
2025-03-02 23:03:05,408 - logger_setup - INFO - Basic statistics calculated for data:
{'mean': Open      3.223852e+02
High      3.241322e+02
Low       3.204834e+02
Close     3.224328e+02
Volume    9.294495e+07
dtype: float64, 'median': Open      2.855180e+02
High      2.862475e+02
Low       2.844430e+02
Close     2.854940e+02
Volume    8.044111e+07
dtype: float64, 'std_dev': Open      1.164724e+02
High      1.170510e+02
Low       1.158129e+02
Close     1.164768e+02
Volume    5.086759e+07
dtype: float64, 'missing_values': Open      0
High      0
Low       0
Close     0
Volume    0
dtype: int64}
2025-03-02 23:03:32,138 - logger_setup - INFO - Outliers detected using Iqr method.
2025-03-02 23:03:33,303 - logger_setup - INFO - No outliers detected in columns: Open, High, Low, Close
2025-03-02 23:03:33,339 - logger_setup - INFO - Outliers detected using Iqr method.
2025-03-02 23:03:34,259 - logger_setup - INFO - No outliers detected in columns: Open, High, Low, Close
2025-03-02 23:03:34,273 - logger_setup - INFO - Outliers detected using Iqr method.
2025-03-02 23:03:34,859 - logger_setup - INFO - No outliers detected in columns: Open, High, Low, Close
2025-03-02 23:03:51,474 - logger_setup - INFO - Outliers handled across all data sources.
2025-03-02 23:04:05,199 - logger_setup - INFO - Outliers detected using Iqr method.
2025-03-02 23:04:06,146 - logger_setup - INFO - No outliers detected in columns: Open, High, Low, Close
2025-03-02 23:04:06,169 - logger_setup - INFO - Outliers detected using Iqr method.
2025-03-02 23:04:06,896 - logger_setup - INFO - No outliers detected in columns: Open, High, Low, Close
2025-03-02 23:04:06,917 - logger_setup - INFO - Outliers detected using Iqr method.
2025-03-02 23:04:07,726 - logger_setup - INFO - No outliers detected in columns: Open, High, Low, Close
